<?xml version="1.0" encoding="UTF-8"?>
<!-- Generated by org.testng.reporters.JUnitReportReporter -->
<testsuite hostname="AMAFVFH71ZTQ05P" failures="0" tests="1" name="com.test.java_Practise_Arrays.Example_01" time="0.007" errors="0" timestamp="07 May 2024 18:26:46 GMT" skipped="0">
  <testcase classname="com.test.java_Practise_Arrays.Example_01" name="Test_001" time="0.007"/>
</testsuite> <!-- com.test.java_Practise_Arrays.Example_01 -->
