<?xml version="1.0" encoding="UTF-8"?>
<!-- Generated by org.testng.reporters.JUnitReportReporter -->
<testsuite hostname="AMAFVFH71ZTQ05P" failures="0" tests="4" name="com.test.java_Practise_Arrays.Example_01" time="0.011" errors="0" timestamp="07 May 2024 20:35:28 GMT" skipped="0">
  <testcase classname="com.test.java_Practise_Arrays.Example_01" name="Test_001" time="0.007"/>
  <testcase classname="com.test.java_Practise_Arrays.Example_01" name="Test_002" time="0.001"/>
  <testcase classname="com.test.java_Practise_Arrays.Example_01" name="Test_004" time="0.002"/>
  <testcase classname="com.test.java_Practise_Arrays.Example_01" name="Test_003" time="0.001"/>
</testsuite> <!-- com.test.java_Practise_Arrays.Example_01 -->
