<?xml version="1.0" encoding="UTF-8"?>
<!-- Generated by org.testng.reporters.JUnitReportReporter -->
<testsuite hostname="AMAFVFH71ZTQ05P" failures="0" tests="2" name="com.test.java_Practise_Arrays.Example_02" time="0.010" errors="0" timestamp="07 May 2024 20:48:59 GMT" skipped="0">
  <testcase classname="com.test.java_Practise_Arrays.Example_02" name="Test_005" time="0.008"/>
  <testcase classname="com.test.java_Practise_Arrays.Example_02" name="Test_006" time="0.002"/>
</testsuite> <!-- com.test.java_Practise_Arrays.Example_02 -->
